[2018-06-20T16:12:58.434] [ERROR] cheese - { Error: Cannot find module '../assets/vue-ssr-server-bundle.json'
    at Function.Module._resolveFilename (module.js:547:15)
    at Function.Module._load (module.js:474:25)
    at Module.require (module.js:596:17)
    at require (internal/module.js:11:18)
    at IndexController.getIndex (/Users/swan/Desktop/vue-ssr-demo/dist/controllers/IndexController.js:83:26)
    at memberInvoker (/Users/swan/Desktop/vue-ssr-demo/node_modules/awilix-koa/lib/invokers.js:80:45)
    at dispatch (/Users/swan/Desktop/vue-ssr-demo/node_modules/koa-router/node_modules/koa-compose/index.js:44:32)
    at next (/Users/swan/Desktop/vue-ssr-demo/node_modules/koa-router/node_modules/koa-compose/index.js:45:18)
    at /Users/swan/Desktop/vue-ssr-demo/node_modules/koa-router/lib/router.js:346:16
    at dispatch (/Users/swan/Desktop/vue-ssr-demo/node_modules/koa-router/node_modules/koa-compose/index.js:44:32) code: 'MODULE_NOT_FOUND' }
[2018-06-20T16:12:59.016] [ERROR] cheese - { Error: Cannot find module '../assets/vue-ssr-server-bundle.json'
    at Function.Module._resolveFilename (module.js:547:15)
    at Function.Module._load (module.js:474:25)
    at Module.require (module.js:596:17)
    at require (internal/module.js:11:18)
    at IndexController.getIndex (/Users/swan/Desktop/vue-ssr-demo/dist/controllers/IndexController.js:83:26)
    at memberInvoker (/Users/swan/Desktop/vue-ssr-demo/node_modules/awilix-koa/lib/invokers.js:80:45)
    at dispatch (/Users/swan/Desktop/vue-ssr-demo/node_modules/koa-router/node_modules/koa-compose/index.js:44:32)
    at next (/Users/swan/Desktop/vue-ssr-demo/node_modules/koa-router/node_modules/koa-compose/index.js:45:18)
    at /Users/swan/Desktop/vue-ssr-demo/node_modules/koa-router/lib/router.js:346:16
    at dispatch (/Users/swan/Desktop/vue-ssr-demo/node_modules/koa-router/node_modules/koa-compose/index.js:44:32) code: 'MODULE_NOT_FOUND' }
[2018-06-20T16:13:01.518] [ERROR] cheese - { Error: Cannot find module '../assets/vue-ssr-server-bundle.json'
    at Function.Module._resolveFilename (module.js:547:15)
    at Function.Module._load (module.js:474:25)
    at Module.require (module.js:596:17)
    at require (internal/module.js:11:18)
    at IndexController.getIndex (/Users/swan/Desktop/vue-ssr-demo/dist/controllers/IndexController.js:83:26)
    at memberInvoker (/Users/swan/Desktop/vue-ssr-demo/node_modules/awilix-koa/lib/invokers.js:80:45)
    at dispatch (/Users/swan/Desktop/vue-ssr-demo/node_modules/koa-router/node_modules/koa-compose/index.js:44:32)
    at next (/Users/swan/Desktop/vue-ssr-demo/node_modules/koa-router/node_modules/koa-compose/index.js:45:18)
    at /Users/swan/Desktop/vue-ssr-demo/node_modules/koa-router/lib/router.js:346:16
    at dispatch (/Users/swan/Desktop/vue-ssr-demo/node_modules/koa-router/node_modules/koa-compose/index.js:44:32) code: 'MODULE_NOT_FOUND' }
[2018-06-20T16:22:38.430] [ERROR] cheese - { Error: ENOENT: no such file or directory, open '/Users/swan/Desktop/vue-ssr-demo/dist/assets/index.html'
    at Object.fs.openSync (fs.js:646:18)
    at Object.fs.readFileSync (fs.js:551:33)
    at IndexController.getIndex (/Users/swan/Desktop/vue-ssr-demo/dist/controllers/IndexController.js:85:35)
    at memberInvoker (/Users/swan/Desktop/vue-ssr-demo/node_modules/awilix-koa/lib/invokers.js:80:45)
    at dispatch (/Users/swan/Desktop/vue-ssr-demo/node_modules/koa-router/node_modules/koa-compose/index.js:44:32)
    at next (/Users/swan/Desktop/vue-ssr-demo/node_modules/koa-router/node_modules/koa-compose/index.js:45:18)
    at /Users/swan/Desktop/vue-ssr-demo/node_modules/koa-router/lib/router.js:346:16
    at dispatch (/Users/swan/Desktop/vue-ssr-demo/node_modules/koa-router/node_modules/koa-compose/index.js:44:32)
    at /Users/swan/Desktop/vue-ssr-demo/node_modules/koa-router/node_modules/koa-compose/index.js:36:12
    at dispatch (/Users/swan/Desktop/vue-ssr-demo/node_modules/koa-router/lib/router.js:351:31)
  errno: -2,
  code: 'ENOENT',
  syscall: 'open',
  path: '/Users/swan/Desktop/vue-ssr-demo/dist/assets/index.html' }
[2018-06-20T16:22:40.543] [ERROR] cheese - { Error: ENOENT: no such file or directory, open '/Users/swan/Desktop/vue-ssr-demo/dist/assets/index.html'
    at Object.fs.openSync (fs.js:646:18)
    at Object.fs.readFileSync (fs.js:551:33)
    at IndexController.getIndex (/Users/swan/Desktop/vue-ssr-demo/dist/controllers/IndexController.js:85:35)
    at memberInvoker (/Users/swan/Desktop/vue-ssr-demo/node_modules/awilix-koa/lib/invokers.js:80:45)
    at dispatch (/Users/swan/Desktop/vue-ssr-demo/node_modules/koa-router/node_modules/koa-compose/index.js:44:32)
    at next (/Users/swan/Desktop/vue-ssr-demo/node_modules/koa-router/node_modules/koa-compose/index.js:45:18)
    at /Users/swan/Desktop/vue-ssr-demo/node_modules/koa-router/lib/router.js:346:16
    at dispatch (/Users/swan/Desktop/vue-ssr-demo/node_modules/koa-router/node_modules/koa-compose/index.js:44:32)
    at /Users/swan/Desktop/vue-ssr-demo/node_modules/koa-router/node_modules/koa-compose/index.js:36:12
    at dispatch (/Users/swan/Desktop/vue-ssr-demo/node_modules/koa-router/lib/router.js:351:31)
  errno: -2,
  code: 'ENOENT',
  syscall: 'open',
  path: '/Users/swan/Desktop/vue-ssr-demo/dist/assets/index.html' }
[2018-06-20T16:40:13.864] [ERROR] cheese - { Error: ENOENT: no such file or directory, open '/Users/swan/Desktop/vue-ssr-demo/dist/assets/index.html'
    at Object.fs.openSync (fs.js:646:18)
    at Object.fs.readFileSync (fs.js:551:33)
    at IndexController.getIndex (/Users/swan/Desktop/vue-ssr-demo/dist/controllers/IndexController.js:85:35)
    at memberInvoker (/Users/swan/Desktop/vue-ssr-demo/node_modules/awilix-koa/lib/invokers.js:80:45)
    at dispatch (/Users/swan/Desktop/vue-ssr-demo/node_modules/koa-router/node_modules/koa-compose/index.js:44:32)
    at next (/Users/swan/Desktop/vue-ssr-demo/node_modules/koa-router/node_modules/koa-compose/index.js:45:18)
    at /Users/swan/Desktop/vue-ssr-demo/node_modules/koa-router/lib/router.js:346:16
    at dispatch (/Users/swan/Desktop/vue-ssr-demo/node_modules/koa-router/node_modules/koa-compose/index.js:44:32)
    at /Users/swan/Desktop/vue-ssr-demo/node_modules/koa-router/node_modules/koa-compose/index.js:36:12
    at dispatch (/Users/swan/Desktop/vue-ssr-demo/node_modules/koa-router/lib/router.js:351:31)
  errno: -2,
  code: 'ENOENT',
  syscall: 'open',
  path: '/Users/swan/Desktop/vue-ssr-demo/dist/assets/index.html' }
[2018-06-20T16:40:16.602] [ERROR] cheese - { Error: ENOENT: no such file or directory, open '/Users/swan/Desktop/vue-ssr-demo/dist/assets/index.html'
    at Object.fs.openSync (fs.js:646:18)
    at Object.fs.readFileSync (fs.js:551:33)
    at IndexController.getIndex (/Users/swan/Desktop/vue-ssr-demo/dist/controllers/IndexController.js:85:35)
    at memberInvoker (/Users/swan/Desktop/vue-ssr-demo/node_modules/awilix-koa/lib/invokers.js:80:45)
    at dispatch (/Users/swan/Desktop/vue-ssr-demo/node_modules/koa-router/node_modules/koa-compose/index.js:44:32)
    at next (/Users/swan/Desktop/vue-ssr-demo/node_modules/koa-router/node_modules/koa-compose/index.js:45:18)
    at /Users/swan/Desktop/vue-ssr-demo/node_modules/koa-router/lib/router.js:346:16
    at dispatch (/Users/swan/Desktop/vue-ssr-demo/node_modules/koa-router/node_modules/koa-compose/index.js:44:32)
    at /Users/swan/Desktop/vue-ssr-demo/node_modules/koa-router/node_modules/koa-compose/index.js:36:12
    at dispatch (/Users/swan/Desktop/vue-ssr-demo/node_modules/koa-router/lib/router.js:351:31)
  errno: -2,
  code: 'ENOENT',
  syscall: 'open',
  path: '/Users/swan/Desktop/vue-ssr-demo/dist/assets/index.html' }
[2018-06-23T11:55:57.612] [ERROR] cheese - { Error: Cannot find module '../assets/vue-ssr-server-bundle.json'
    at Function.Module._resolveFilename (internal/modules/cjs/loader.js:594:15)
    at Function.Module._load (internal/modules/cjs/loader.js:520:25)
    at Module.require (internal/modules/cjs/loader.js:650:17)
    at require (internal/modules/cjs/helpers.js:20:18)
    at IndexController.getIndex (/Users/swan/Desktop/brushing/dist/controllers/IndexController.js:83:26)
    at memberInvoker (/Users/swan/Desktop/brushing/node_modules/awilix-koa/lib/invokers.js:80:45)
    at dispatch (/Users/swan/Desktop/brushing/node_modules/koa-router/node_modules/koa-compose/index.js:44:32)
    at next (/Users/swan/Desktop/brushing/node_modules/koa-router/node_modules/koa-compose/index.js:45:18)
    at /Users/swan/Desktop/brushing/node_modules/koa-router/lib/router.js:346:16
    at dispatch (/Users/swan/Desktop/brushing/node_modules/koa-router/node_modules/koa-compose/index.js:44:32) code: 'MODULE_NOT_FOUND' }
[2018-06-23T11:55:59.220] [ERROR] cheese - { Error: Cannot find module '../assets/vue-ssr-server-bundle.json'
    at Function.Module._resolveFilename (internal/modules/cjs/loader.js:594:15)
    at Function.Module._load (internal/modules/cjs/loader.js:520:25)
    at Module.require (internal/modules/cjs/loader.js:650:17)
    at require (internal/modules/cjs/helpers.js:20:18)
    at IndexController.getIndex (/Users/swan/Desktop/brushing/dist/controllers/IndexController.js:83:26)
    at memberInvoker (/Users/swan/Desktop/brushing/node_modules/awilix-koa/lib/invokers.js:80:45)
    at dispatch (/Users/swan/Desktop/brushing/node_modules/koa-router/node_modules/koa-compose/index.js:44:32)
    at next (/Users/swan/Desktop/brushing/node_modules/koa-router/node_modules/koa-compose/index.js:45:18)
    at /Users/swan/Desktop/brushing/node_modules/koa-router/lib/router.js:346:16
    at dispatch (/Users/swan/Desktop/brushing/node_modules/koa-router/node_modules/koa-compose/index.js:44:32) code: 'MODULE_NOT_FOUND' }
[2018-06-23T11:56:03.756] [ERROR] cheese - { Error: Cannot find module '../assets/vue-ssr-server-bundle.json'
    at Function.Module._resolveFilename (internal/modules/cjs/loader.js:594:15)
    at Function.Module._load (internal/modules/cjs/loader.js:520:25)
    at Module.require (internal/modules/cjs/loader.js:650:17)
    at require (internal/modules/cjs/helpers.js:20:18)
    at IndexController.getIndex (/Users/swan/Desktop/brushing/dist/controllers/IndexController.js:83:26)
    at memberInvoker (/Users/swan/Desktop/brushing/node_modules/awilix-koa/lib/invokers.js:80:45)
    at dispatch (/Users/swan/Desktop/brushing/node_modules/koa-router/node_modules/koa-compose/index.js:44:32)
    at next (/Users/swan/Desktop/brushing/node_modules/koa-router/node_modules/koa-compose/index.js:45:18)
    at /Users/swan/Desktop/brushing/node_modules/koa-router/lib/router.js:346:16
    at dispatch (/Users/swan/Desktop/brushing/node_modules/koa-router/node_modules/koa-compose/index.js:44:32) code: 'MODULE_NOT_FOUND' }
[2018-06-23T11:56:04.014] [ERROR] cheese - { Error: Cannot find module '../assets/vue-ssr-server-bundle.json'
    at Function.Module._resolveFilename (internal/modules/cjs/loader.js:594:15)
    at Function.Module._load (internal/modules/cjs/loader.js:520:25)
    at Module.require (internal/modules/cjs/loader.js:650:17)
    at require (internal/modules/cjs/helpers.js:20:18)
    at IndexController.getIndex (/Users/swan/Desktop/brushing/dist/controllers/IndexController.js:83:26)
    at memberInvoker (/Users/swan/Desktop/brushing/node_modules/awilix-koa/lib/invokers.js:80:45)
    at dispatch (/Users/swan/Desktop/brushing/node_modules/koa-router/node_modules/koa-compose/index.js:44:32)
    at next (/Users/swan/Desktop/brushing/node_modules/koa-router/node_modules/koa-compose/index.js:45:18)
    at /Users/swan/Desktop/brushing/node_modules/koa-router/lib/router.js:346:16
    at dispatch (/Users/swan/Desktop/brushing/node_modules/koa-router/node_modules/koa-compose/index.js:44:32) code: 'MODULE_NOT_FOUND' }
[2018-06-23T11:56:08.901] [ERROR] cheese - { Error: Cannot find module '../assets/vue-ssr-server-bundle.json'
    at Function.Module._resolveFilename (internal/modules/cjs/loader.js:594:15)
    at Function.Module._load (internal/modules/cjs/loader.js:520:25)
    at Module.require (internal/modules/cjs/loader.js:650:17)
    at require (internal/modules/cjs/helpers.js:20:18)
    at IndexController.getIndex (/Users/swan/Desktop/brushing/dist/controllers/IndexController.js:83:26)
    at memberInvoker (/Users/swan/Desktop/brushing/node_modules/awilix-koa/lib/invokers.js:80:45)
    at dispatch (/Users/swan/Desktop/brushing/node_modules/koa-router/node_modules/koa-compose/index.js:44:32)
    at next (/Users/swan/Desktop/brushing/node_modules/koa-router/node_modules/koa-compose/index.js:45:18)
    at /Users/swan/Desktop/brushing/node_modules/koa-router/lib/router.js:346:16
    at dispatch (/Users/swan/Desktop/brushing/node_modules/koa-router/node_modules/koa-compose/index.js:44:32) code: 'MODULE_NOT_FOUND' }
[2018-06-23T12:04:21.363] [ERROR] cheese - { Error: Cannot find module '../assets/vue-ssr-server-bundle.json'
    at Function.Module._resolveFilename (internal/modules/cjs/loader.js:594:15)
    at Function.Module._load (internal/modules/cjs/loader.js:520:25)
    at Module.require (internal/modules/cjs/loader.js:650:17)
    at require (internal/modules/cjs/helpers.js:20:18)
    at IndexController.getIndex (/Users/swan/Desktop/brushing/dist/controllers/IndexController.js:83:26)
    at memberInvoker (/Users/swan/Desktop/brushing/node_modules/awilix-koa/lib/invokers.js:80:45)
    at dispatch (/Users/swan/Desktop/brushing/node_modules/koa-router/node_modules/koa-compose/index.js:44:32)
    at next (/Users/swan/Desktop/brushing/node_modules/koa-router/node_modules/koa-compose/index.js:45:18)
    at /Users/swan/Desktop/brushing/node_modules/koa-router/lib/router.js:346:16
    at dispatch (/Users/swan/Desktop/brushing/node_modules/koa-router/node_modules/koa-compose/index.js:44:32) code: 'MODULE_NOT_FOUND' }
[2018-06-23T12:04:24.566] [ERROR] cheese - { Error: Cannot find module '../assets/vue-ssr-server-bundle.json'
    at Function.Module._resolveFilename (internal/modules/cjs/loader.js:594:15)
    at Function.Module._load (internal/modules/cjs/loader.js:520:25)
    at Module.require (internal/modules/cjs/loader.js:650:17)
    at require (internal/modules/cjs/helpers.js:20:18)
    at IndexController.getIndex (/Users/swan/Desktop/brushing/dist/controllers/IndexController.js:83:26)
    at memberInvoker (/Users/swan/Desktop/brushing/node_modules/awilix-koa/lib/invokers.js:80:45)
    at dispatch (/Users/swan/Desktop/brushing/node_modules/koa-router/node_modules/koa-compose/index.js:44:32)
    at next (/Users/swan/Desktop/brushing/node_modules/koa-router/node_modules/koa-compose/index.js:45:18)
    at /Users/swan/Desktop/brushing/node_modules/koa-router/lib/router.js:346:16
    at dispatch (/Users/swan/Desktop/brushing/node_modules/koa-router/node_modules/koa-compose/index.js:44:32) code: 'MODULE_NOT_FOUND' }
[2018-06-23T12:07:12.924] [ERROR] cheese - { Error: Cannot find module '../assets/vue-ssr-client-manifest.json'
    at Function.Module._resolveFilename (internal/modules/cjs/loader.js:594:15)
    at Function.Module._load (internal/modules/cjs/loader.js:520:25)
    at Module.require (internal/modules/cjs/loader.js:650:17)
    at require (internal/modules/cjs/helpers.js:20:18)
    at IndexController.getIndex (/Users/swan/Desktop/brushing/dist/controllers/IndexController.js:84:28)
    at memberInvoker (/Users/swan/Desktop/brushing/node_modules/awilix-koa/lib/invokers.js:80:45)
    at dispatch (/Users/swan/Desktop/brushing/node_modules/koa-router/node_modules/koa-compose/index.js:44:32)
    at next (/Users/swan/Desktop/brushing/node_modules/koa-router/node_modules/koa-compose/index.js:45:18)
    at /Users/swan/Desktop/brushing/node_modules/koa-router/lib/router.js:346:16
    at dispatch (/Users/swan/Desktop/brushing/node_modules/koa-router/node_modules/koa-compose/index.js:44:32) code: 'MODULE_NOT_FOUND' }
[2018-06-23T12:07:15.237] [ERROR] cheese - { Error: Cannot find module '../assets/vue-ssr-client-manifest.json'
    at Function.Module._resolveFilename (internal/modules/cjs/loader.js:594:15)
    at Function.Module._load (internal/modules/cjs/loader.js:520:25)
    at Module.require (internal/modules/cjs/loader.js:650:17)
    at require (internal/modules/cjs/helpers.js:20:18)
    at IndexController.getIndex (/Users/swan/Desktop/brushing/dist/controllers/IndexController.js:84:28)
    at memberInvoker (/Users/swan/Desktop/brushing/node_modules/awilix-koa/lib/invokers.js:80:45)
    at dispatch (/Users/swan/Desktop/brushing/node_modules/koa-router/node_modules/koa-compose/index.js:44:32)
    at next (/Users/swan/Desktop/brushing/node_modules/koa-router/node_modules/koa-compose/index.js:45:18)
    at /Users/swan/Desktop/brushing/node_modules/koa-router/lib/router.js:346:16
    at dispatch (/Users/swan/Desktop/brushing/node_modules/koa-router/node_modules/koa-compose/index.js:44:32) code: 'MODULE_NOT_FOUND' }
[2018-06-23T13:31:26.999] [ERROR] cheese - { Error: Cannot find module '../assets/vue-ssr-server-bundle.json'
    at Function.Module._resolveFilename (internal/modules/cjs/loader.js:594:15)
    at Function.Module._load (internal/modules/cjs/loader.js:520:25)
    at Module.require (internal/modules/cjs/loader.js:650:17)
    at require (internal/modules/cjs/helpers.js:20:18)
    at IndexController.getIndex (/Users/swan/Desktop/brushing/dist/controllers/IndexController.js:83:26)
    at memberInvoker (/Users/swan/Desktop/brushing/node_modules/awilix-koa/lib/invokers.js:80:45)
    at dispatch (/Users/swan/Desktop/brushing/node_modules/koa-router/node_modules/koa-compose/index.js:44:32)
    at next (/Users/swan/Desktop/brushing/node_modules/koa-router/node_modules/koa-compose/index.js:45:18)
    at /Users/swan/Desktop/brushing/node_modules/koa-router/lib/router.js:346:16
    at dispatch (/Users/swan/Desktop/brushing/node_modules/koa-router/node_modules/koa-compose/index.js:44:32) code: 'MODULE_NOT_FOUND' }
[2018-06-23T13:31:28.879] [ERROR] cheese - { Error: Cannot find module '../assets/vue-ssr-server-bundle.json'
    at Function.Module._resolveFilename (internal/modules/cjs/loader.js:594:15)
    at Function.Module._load (internal/modules/cjs/loader.js:520:25)
    at Module.require (internal/modules/cjs/loader.js:650:17)
    at require (internal/modules/cjs/helpers.js:20:18)
    at IndexController.getIndex (/Users/swan/Desktop/brushing/dist/controllers/IndexController.js:83:26)
    at memberInvoker (/Users/swan/Desktop/brushing/node_modules/awilix-koa/lib/invokers.js:80:45)
    at dispatch (/Users/swan/Desktop/brushing/node_modules/koa-router/node_modules/koa-compose/index.js:44:32)
    at next (/Users/swan/Desktop/brushing/node_modules/koa-router/node_modules/koa-compose/index.js:45:18)
    at /Users/swan/Desktop/brushing/node_modules/koa-router/lib/router.js:346:16
    at dispatch (/Users/swan/Desktop/brushing/node_modules/koa-router/node_modules/koa-compose/index.js:44:32) code: 'MODULE_NOT_FOUND' }
[2018-06-23T13:42:15.949] [ERROR] cheese - { Error: Cannot find module '../assets/vue-ssr-client-manifest.json'
    at Function.Module._resolveFilename (internal/modules/cjs/loader.js:594:15)
    at Function.Module._load (internal/modules/cjs/loader.js:520:25)
    at Module.require (internal/modules/cjs/loader.js:650:17)
    at require (internal/modules/cjs/helpers.js:20:18)
    at IndexController.getIndex (/Users/swan/Desktop/brushing/dist/controllers/IndexController.js:84:28)
    at memberInvoker (/Users/swan/Desktop/brushing/node_modules/awilix-koa/lib/invokers.js:80:45)
    at dispatch (/Users/swan/Desktop/brushing/node_modules/koa-router/node_modules/koa-compose/index.js:44:32)
    at next (/Users/swan/Desktop/brushing/node_modules/koa-router/node_modules/koa-compose/index.js:45:18)
    at /Users/swan/Desktop/brushing/node_modules/koa-router/lib/router.js:346:16
    at dispatch (/Users/swan/Desktop/brushing/node_modules/koa-router/node_modules/koa-compose/index.js:44:32) code: 'MODULE_NOT_FOUND' }
[2018-06-23T13:42:20.763] [ERROR] cheese - { Error: Cannot find module '../assets/vue-ssr-client-manifest.json'
    at Function.Module._resolveFilename (internal/modules/cjs/loader.js:594:15)
    at Function.Module._load (internal/modules/cjs/loader.js:520:25)
    at Module.require (internal/modules/cjs/loader.js:650:17)
    at require (internal/modules/cjs/helpers.js:20:18)
    at IndexController.getIndex (/Users/swan/Desktop/brushing/dist/controllers/IndexController.js:84:28)
    at memberInvoker (/Users/swan/Desktop/brushing/node_modules/awilix-koa/lib/invokers.js:80:45)
    at dispatch (/Users/swan/Desktop/brushing/node_modules/koa-router/node_modules/koa-compose/index.js:44:32)
    at next (/Users/swan/Desktop/brushing/node_modules/koa-router/node_modules/koa-compose/index.js:45:18)
    at /Users/swan/Desktop/brushing/node_modules/koa-router/lib/router.js:346:16
    at dispatch (/Users/swan/Desktop/brushing/node_modules/koa-router/node_modules/koa-compose/index.js:44:32) code: 'MODULE_NOT_FOUND' }
[2018-06-23T13:47:08.370] [ERROR] cheese - { Error: Cannot find module '../assets/vue-ssr-server-bundle.json'
    at Function.Module._resolveFilename (internal/modules/cjs/loader.js:594:15)
    at Function.Module._load (internal/modules/cjs/loader.js:520:25)
    at Module.require (internal/modules/cjs/loader.js:650:17)
    at require (internal/modules/cjs/helpers.js:20:18)
    at IndexController.getIndex (/Users/swan/Desktop/brushing/dist/controllers/IndexController.js:83:26)
    at memberInvoker (/Users/swan/Desktop/brushing/node_modules/awilix-koa/lib/invokers.js:80:45)
    at dispatch (/Users/swan/Desktop/brushing/node_modules/koa-router/node_modules/koa-compose/index.js:44:32)
    at next (/Users/swan/Desktop/brushing/node_modules/koa-router/node_modules/koa-compose/index.js:45:18)
    at /Users/swan/Desktop/brushing/node_modules/koa-router/lib/router.js:346:16
    at dispatch (/Users/swan/Desktop/brushing/node_modules/koa-router/node_modules/koa-compose/index.js:44:32) code: 'MODULE_NOT_FOUND' }
[2018-06-23T13:47:12.168] [ERROR] cheese - { Error: Cannot find module '../assets/vue-ssr-server-bundle.json'
    at Function.Module._resolveFilename (internal/modules/cjs/loader.js:594:15)
    at Function.Module._load (internal/modules/cjs/loader.js:520:25)
    at Module.require (internal/modules/cjs/loader.js:650:17)
    at require (internal/modules/cjs/helpers.js:20:18)
    at IndexController.getIndex (/Users/swan/Desktop/brushing/dist/controllers/IndexController.js:83:26)
    at memberInvoker (/Users/swan/Desktop/brushing/node_modules/awilix-koa/lib/invokers.js:80:45)
    at dispatch (/Users/swan/Desktop/brushing/node_modules/koa-router/node_modules/koa-compose/index.js:44:32)
    at next (/Users/swan/Desktop/brushing/node_modules/koa-router/node_modules/koa-compose/index.js:45:18)
    at /Users/swan/Desktop/brushing/node_modules/koa-router/lib/router.js:346:16
    at dispatch (/Users/swan/Desktop/brushing/node_modules/koa-router/node_modules/koa-compose/index.js:44:32) code: 'MODULE_NOT_FOUND' }
[2018-06-23T13:47:16.088] [ERROR] cheese - { Error: Cannot find module '../assets/vue-ssr-server-bundle.json'
    at Function.Module._resolveFilename (internal/modules/cjs/loader.js:594:15)
    at Function.Module._load (internal/modules/cjs/loader.js:520:25)
    at Module.require (internal/modules/cjs/loader.js:650:17)
    at require (internal/modules/cjs/helpers.js:20:18)
    at IndexController.getIndex (/Users/swan/Desktop/brushing/dist/controllers/IndexController.js:83:26)
    at memberInvoker (/Users/swan/Desktop/brushing/node_modules/awilix-koa/lib/invokers.js:80:45)
    at dispatch (/Users/swan/Desktop/brushing/node_modules/koa-router/node_modules/koa-compose/index.js:44:32)
    at next (/Users/swan/Desktop/brushing/node_modules/koa-router/node_modules/koa-compose/index.js:45:18)
    at /Users/swan/Desktop/brushing/node_modules/koa-router/lib/router.js:346:16
    at dispatch (/Users/swan/Desktop/brushing/node_modules/koa-router/node_modules/koa-compose/index.js:44:32) code: 'MODULE_NOT_FOUND' }
<<<<<<< Updated upstream
[2018-06-23T15:07:36.776] [ERROR] cheese - { Error: Cannot find module '../assets/images/target.png'
    at webpackMissingModule (webpack:///./src/webapp/components/Index.vue?./node_modules/css-loader!./node_modules/vue-loader/lib/loaders/stylePostLoader.js!./node_modules/vue-loader/lib??vue-loader-options:7:260)
    at eval (webpack:///./src/webapp/components/Index.vue?./node_modules/css-loader!./node_modules/vue-loader/lib/loaders/stylePostLoader.js!./node_modules/vue-loader/lib??vue-loader-options:7:362)
    at Object../node_modules/css-loader/index.js!./node_modules/vue-loader/lib/loaders/stylePostLoader.js!./node_modules/vue-loader/lib/index.js??vue-loader-options!./src/webapp/components/Index.vue?vue&type=style&index=0&lang=css (scripts/main.bundle.js:1552:1)
    at __webpack_require__ (scripts/main.bundle.js:21:30)
    at eval (webpack:///./src/webapp/components/Index.vue?./node_modules/vue-style-loader!./node_modules/css-loader!./node_modules/vue-loader/lib/loaders/stylePostLoader.js!./node_modules/vue-loader/lib??vue-loader-options:4:15)
    at Object../node_modules/vue-style-loader/index.js!./node_modules/css-loader/index.js!./node_modules/vue-loader/lib/loaders/stylePostLoader.js!./node_modules/vue-loader/lib/index.js??vue-loader-options!./src/webapp/components/Index.vue?vue&type=style&index=0&lang=css (scripts/main.bundle.js:2490:1)
    at __webpack_require__ (scripts/main.bundle.js:21:30)
    at eval (webpack:///./src/webapp/components/Index.vue?:2:283)
    at Module../src/webapp/components/Index.vue?vue&type=style&index=0&lang=css (scripts/main.bundle.js:2691:1)
    at __webpack_require__ (scripts/main.bundle.js:21:30) code: 'MODULE_NOT_FOUND' }
[2018-06-23T15:07:43.563] [ERROR] cheese - { Error: Cannot find module '../assets/images/target.png'
    at webpackMissingModule (webpack:///./src/webapp/components/Index.vue?./node_modules/css-loader!./node_modules/vue-loader/lib/loaders/stylePostLoader.js!./node_modules/vue-loader/lib??vue-loader-options:7:260)
    at eval (webpack:///./src/webapp/components/Index.vue?./node_modules/css-loader!./node_modules/vue-loader/lib/loaders/stylePostLoader.js!./node_modules/vue-loader/lib??vue-loader-options:7:362)
    at Object../node_modules/css-loader/index.js!./node_modules/vue-loader/lib/loaders/stylePostLoader.js!./node_modules/vue-loader/lib/index.js??vue-loader-options!./src/webapp/components/Index.vue?vue&type=style&index=0&lang=css (scripts/main.bundle.js:1552:1)
    at __webpack_require__ (scripts/main.bundle.js:21:30)
    at eval (webpack:///./src/webapp/components/Index.vue?./node_modules/vue-style-loader!./node_modules/css-loader!./node_modules/vue-loader/lib/loaders/stylePostLoader.js!./node_modules/vue-loader/lib??vue-loader-options:4:15)
    at Object../node_modules/vue-style-loader/index.js!./node_modules/css-loader/index.js!./node_modules/vue-loader/lib/loaders/stylePostLoader.js!./node_modules/vue-loader/lib/index.js??vue-loader-options!./src/webapp/components/Index.vue?vue&type=style&index=0&lang=css (scripts/main.bundle.js:2490:1)
    at __webpack_require__ (scripts/main.bundle.js:21:30)
    at eval (webpack:///./src/webapp/components/Index.vue?:2:283)
    at Module../src/webapp/components/Index.vue?vue&type=style&index=0&lang=css (scripts/main.bundle.js:2691:1)
    at __webpack_require__ (scripts/main.bundle.js:21:30) code: 'MODULE_NOT_FOUND' }
[2018-06-23T15:08:37.270] [ERROR] cheese - { Error: Cannot find module '../assets/images/target.png'
    at webpackMissingModule (webpack:///./src/webapp/components/Index.vue?./node_modules/css-loader!./node_modules/vue-loader/lib/loaders/stylePostLoader.js!./node_modules/vue-loader/lib??vue-loader-options:7:260)
    at eval (webpack:///./src/webapp/components/Index.vue?./node_modules/css-loader!./node_modules/vue-loader/lib/loaders/stylePostLoader.js!./node_modules/vue-loader/lib??vue-loader-options:7:362)
    at Object../node_modules/css-loader/index.js!./node_modules/vue-loader/lib/loaders/stylePostLoader.js!./node_modules/vue-loader/lib/index.js??vue-loader-options!./src/webapp/components/Index.vue?vue&type=style&index=0&lang=css (scripts/main.bundle.js:1552:1)
    at __webpack_require__ (scripts/main.bundle.js:21:30)
    at eval (webpack:///./src/webapp/components/Index.vue?./node_modules/vue-style-loader!./node_modules/css-loader!./node_modules/vue-loader/lib/loaders/stylePostLoader.js!./node_modules/vue-loader/lib??vue-loader-options:4:15)
    at Object../node_modules/vue-style-loader/index.js!./node_modules/css-loader/index.js!./node_modules/vue-loader/lib/loaders/stylePostLoader.js!./node_modules/vue-loader/lib/index.js??vue-loader-options!./src/webapp/components/Index.vue?vue&type=style&index=0&lang=css (scripts/main.bundle.js:2490:1)
    at __webpack_require__ (scripts/main.bundle.js:21:30)
    at eval (webpack:///./src/webapp/components/Index.vue?:2:283)
    at Module../src/webapp/components/Index.vue?vue&type=style&index=0&lang=css (scripts/main.bundle.js:2691:1)
    at __webpack_require__ (scripts/main.bundle.js:21:30) code: 'MODULE_NOT_FOUND' }
[2018-06-23T15:33:57.594] [ERROR] cheese - TypeError: Cannot read property 'resource' of undefined
    at Proxy.render (webpack:///./src/webapp/components/assembly/RadioTopic.vue?./node_modules/vue-loader/lib/loaders/templateLoader.js??vue-loader-options!./node_modules/vue-loader/lib??vue-loader-options:27:37)
    at VueComponent.Vue._render (webpack:///./node_modules/vue/dist/vue.runtime.esm.js?:4532:22)
    at renderComponentInner (/Users/swan/Desktop/brushing/node_modules/vue-server-renderer/build.js:7521:25)
    at renderComponent (/Users/swan/Desktop/brushing/node_modules/vue-server-renderer/build.js:7491:5)
    at RenderContext.renderNode (/Users/swan/Desktop/brushing/node_modules/vue-server-renderer/build.js:7407:5)
    at RenderContext.next (/Users/swan/Desktop/brushing/node_modules/vue-server-renderer/build.js:2428:14)
    at cachedWrite (/Users/swan/Desktop/brushing/node_modules/vue-server-renderer/build.js:2287:9)
    at renderStringNode$1 (/Users/swan/Desktop/brushing/node_modules/vue-server-renderer/build.js:7612:5)
    at RenderContext.renderNode (/Users/swan/Desktop/brushing/node_modules/vue-server-renderer/build.js:7405:5)
    at RenderContext.next (/Users/swan/Desktop/brushing/node_modules/vue-server-renderer/build.js:2428:14)
[2018-06-23T15:36:53.591] [ERROR] cheese - { Error: Cannot find module './components/assembly/Header.vue'
    at webpackMissingModule (webpack:///./src/webapp/components/BrushingList.vue?./node_modules/vue-loader/lib??vue-loader-options:2:45)
    at eval (webpack:///./src/webapp/components/BrushingList.vue?./node_modules/vue-loader/lib??vue-loader-options:2:152)
    at Module../node_modules/vue-loader/lib/index.js??vue-loader-options!./src/webapp/components/BrushingList.vue?vue&type=script&lang=js (scripts/main.bundle.js:2322:1)
    at __webpack_require__ (scripts/main.bundle.js:21:30)
    at eval (webpack:///./src/webapp/components/BrushingList.vue?:2:155)
    at Module../src/webapp/components/BrushingList.vue?vue&type=script&lang=js (scripts/main.bundle.js:2722:1)
    at __webpack_require__ (scripts/main.bundle.js:21:30)
    at eval (webpack:///./src/webapp/components/BrushingList.vue?:3:99)
    at Module../src/webapp/components/BrushingList.vue (scripts/main.bundle.js:2710:1)
    at __webpack_require__ (scripts/main.bundle.js:21:30) code: 'MODULE_NOT_FOUND' }
[2018-06-23T15:37:31.991] [ERROR] cheese - TypeError: Cannot read property 'resource' of undefined
    at Proxy.render (webpack:///./src/webapp/components/assembly/RadioTopic.vue?./node_modules/vue-loader/lib/loaders/templateLoader.js??vue-loader-options!./node_modules/vue-loader/lib??vue-loader-options:27:37)
    at VueComponent.Vue._render (webpack:///./node_modules/vue/dist/vue.runtime.esm.js?:4532:22)
    at renderComponentInner (/Users/swan/Desktop/brushing/node_modules/vue-server-renderer/build.js:7521:25)
    at renderComponent (/Users/swan/Desktop/brushing/node_modules/vue-server-renderer/build.js:7491:5)
    at RenderContext.renderNode (/Users/swan/Desktop/brushing/node_modules/vue-server-renderer/build.js:7407:5)
    at RenderContext.next (/Users/swan/Desktop/brushing/node_modules/vue-server-renderer/build.js:2428:14)
    at cachedWrite (/Users/swan/Desktop/brushing/node_modules/vue-server-renderer/build.js:2287:9)
    at renderStringNode$1 (/Users/swan/Desktop/brushing/node_modules/vue-server-renderer/build.js:7602:5)
    at RenderContext.renderNode (/Users/swan/Desktop/brushing/node_modules/vue-server-renderer/build.js:7405:5)
    at RenderContext.next (/Users/swan/Desktop/brushing/node_modules/vue-server-renderer/build.js:2428:14)
[2018-06-23T15:37:49.821] [ERROR] cheese - TypeError: Cannot read property 'resource' of undefined
    at Proxy.render (webpack:///./src/webapp/components/assembly/RadioTopic.vue?./node_modules/vue-loader/lib/loaders/templateLoader.js??vue-loader-options!./node_modules/vue-loader/lib??vue-loader-options:27:37)
    at VueComponent.Vue._render (webpack:///./node_modules/vue/dist/vue.runtime.esm.js?:4532:22)
    at renderComponentInner (/Users/swan/Desktop/brushing/node_modules/vue-server-renderer/build.js:7521:25)
    at renderComponent (/Users/swan/Desktop/brushing/node_modules/vue-server-renderer/build.js:7491:5)
    at RenderContext.renderNode (/Users/swan/Desktop/brushing/node_modules/vue-server-renderer/build.js:7407:5)
    at RenderContext.next (/Users/swan/Desktop/brushing/node_modules/vue-server-renderer/build.js:2428:14)
    at cachedWrite (/Users/swan/Desktop/brushing/node_modules/vue-server-renderer/build.js:2287:9)
    at renderStringNode$1 (/Users/swan/Desktop/brushing/node_modules/vue-server-renderer/build.js:7602:5)
    at RenderContext.renderNode (/Users/swan/Desktop/brushing/node_modules/vue-server-renderer/build.js:7405:5)
    at RenderContext.next (/Users/swan/Desktop/brushing/node_modules/vue-server-renderer/build.js:2428:14)
=======
[2018-06-23T15:48:53.659] [ERROR] cheese - { Error: Cannot find module '../assets/vue-ssr-server-bundle.json'
    at Function.Module._resolveFilename (internal/modules/cjs/loader.js:548:15)
    at Function.Module._load (internal/modules/cjs/loader.js:475:25)
    at Module.require (internal/modules/cjs/loader.js:598:17)
    at require (internal/modules/cjs/helpers.js:11:18)
    at IndexController.getIndex (/home/bounlusin/Desktop/brushing/dist/controllers/IndexController.js:83:26)
    at memberInvoker (/home/bounlusin/Desktop/brushing/node_modules/awilix-koa/lib/invokers.js:80:45)
    at dispatch (/home/bounlusin/Desktop/brushing/node_modules/koa-router/node_modules/koa-compose/index.js:44:32)
    at next (/home/bounlusin/Desktop/brushing/node_modules/koa-router/node_modules/koa-compose/index.js:45:18)
    at /home/bounlusin/Desktop/brushing/node_modules/koa-router/lib/router.js:346:16
    at dispatch (/home/bounlusin/Desktop/brushing/node_modules/koa-router/node_modules/koa-compose/index.js:44:32) code: 'MODULE_NOT_FOUND' }
[2018-06-23T15:48:54.904] [ERROR] cheese - { Error: Cannot find module '../assets/vue-ssr-server-bundle.json'
    at Function.Module._resolveFilename (internal/modules/cjs/loader.js:548:15)
    at Function.Module._load (internal/modules/cjs/loader.js:475:25)
    at Module.require (internal/modules/cjs/loader.js:598:17)
    at require (internal/modules/cjs/helpers.js:11:18)
    at IndexController.getIndex (/home/bounlusin/Desktop/brushing/dist/controllers/IndexController.js:83:26)
    at memberInvoker (/home/bounlusin/Desktop/brushing/node_modules/awilix-koa/lib/invokers.js:80:45)
    at dispatch (/home/bounlusin/Desktop/brushing/node_modules/koa-router/node_modules/koa-compose/index.js:44:32)
    at next (/home/bounlusin/Desktop/brushing/node_modules/koa-router/node_modules/koa-compose/index.js:45:18)
    at /home/bounlusin/Desktop/brushing/node_modules/koa-router/lib/router.js:346:16
    at dispatch (/home/bounlusin/Desktop/brushing/node_modules/koa-router/node_modules/koa-compose/index.js:44:32) code: 'MODULE_NOT_FOUND' }
[2018-06-23T15:49:18.779] [ERROR] cheese - { Error: Cannot find module '../assets/vue-ssr-server-bundle.json'
    at Function.Module._resolveFilename (internal/modules/cjs/loader.js:548:15)
    at Function.Module._load (internal/modules/cjs/loader.js:475:25)
    at Module.require (internal/modules/cjs/loader.js:598:17)
    at require (internal/modules/cjs/helpers.js:11:18)
    at IndexController.getIndex (/home/bounlusin/Desktop/brushing/dist/controllers/IndexController.js:83:26)
    at memberInvoker (/home/bounlusin/Desktop/brushing/node_modules/awilix-koa/lib/invokers.js:80:45)
    at dispatch (/home/bounlusin/Desktop/brushing/node_modules/koa-router/node_modules/koa-compose/index.js:44:32)
    at next (/home/bounlusin/Desktop/brushing/node_modules/koa-router/node_modules/koa-compose/index.js:45:18)
    at /home/bounlusin/Desktop/brushing/node_modules/koa-router/lib/router.js:346:16
    at dispatch (/home/bounlusin/Desktop/brushing/node_modules/koa-router/node_modules/koa-compose/index.js:44:32) code: 'MODULE_NOT_FOUND' }
[2018-06-23T15:49:30.830] [ERROR] cheese - { Error: Cannot find module '../assets/vue-ssr-server-bundle.json'
    at Function.Module._resolveFilename (internal/modules/cjs/loader.js:548:15)
    at Function.Module._load (internal/modules/cjs/loader.js:475:25)
    at Module.require (internal/modules/cjs/loader.js:598:17)
    at require (internal/modules/cjs/helpers.js:11:18)
    at IndexController.getIndex (/home/bounlusin/Desktop/brushing/dist/controllers/IndexController.js:83:26)
    at memberInvoker (/home/bounlusin/Desktop/brushing/node_modules/awilix-koa/lib/invokers.js:80:45)
    at dispatch (/home/bounlusin/Desktop/brushing/node_modules/koa-router/node_modules/koa-compose/index.js:44:32)
    at next (/home/bounlusin/Desktop/brushing/node_modules/koa-router/node_modules/koa-compose/index.js:45:18)
    at /home/bounlusin/Desktop/brushing/node_modules/koa-router/lib/router.js:346:16
    at dispatch (/home/bounlusin/Desktop/brushing/node_modules/koa-router/node_modules/koa-compose/index.js:44:32) code: 'MODULE_NOT_FOUND' }
[2018-06-23T15:49:31.421] [ERROR] cheese - { Error: Cannot find module '../assets/vue-ssr-server-bundle.json'
    at Function.Module._resolveFilename (internal/modules/cjs/loader.js:548:15)
    at Function.Module._load (internal/modules/cjs/loader.js:475:25)
    at Module.require (internal/modules/cjs/loader.js:598:17)
    at require (internal/modules/cjs/helpers.js:11:18)
    at IndexController.getIndex (/home/bounlusin/Desktop/brushing/dist/controllers/IndexController.js:83:26)
    at memberInvoker (/home/bounlusin/Desktop/brushing/node_modules/awilix-koa/lib/invokers.js:80:45)
    at dispatch (/home/bounlusin/Desktop/brushing/node_modules/koa-router/node_modules/koa-compose/index.js:44:32)
    at next (/home/bounlusin/Desktop/brushing/node_modules/koa-router/node_modules/koa-compose/index.js:45:18)
    at /home/bounlusin/Desktop/brushing/node_modules/koa-router/lib/router.js:346:16
    at dispatch (/home/bounlusin/Desktop/brushing/node_modules/koa-router/node_modules/koa-compose/index.js:44:32) code: 'MODULE_NOT_FOUND' }
[2018-06-23T16:16:36.947] [ERROR] cheese - ReferenceError: API_URL is not defined
    at QuestionService.addQuestion (/home/bounlusin/Desktop/brushing/dist/services/QuestionService.js:55:51)
    at QuestionController.add (/home/bounlusin/Desktop/brushing/dist/controllers/QuestionController.js:53:47)
    at memberInvoker (/home/bounlusin/Desktop/brushing/node_modules/awilix-koa/lib/invokers.js:80:45)
    at dispatch (/home/bounlusin/Desktop/brushing/node_modules/koa-router/node_modules/koa-compose/index.js:44:32)
    at next (/home/bounlusin/Desktop/brushing/node_modules/koa-router/node_modules/koa-compose/index.js:45:18)
    at /home/bounlusin/Desktop/brushing/node_modules/koa-router/lib/router.js:346:16
    at dispatch (/home/bounlusin/Desktop/brushing/node_modules/koa-router/node_modules/koa-compose/index.js:44:32)
    at /home/bounlusin/Desktop/brushing/node_modules/koa-router/node_modules/koa-compose/index.js:36:12
    at dispatch (/home/bounlusin/Desktop/brushing/node_modules/koa-router/lib/router.js:351:31)
    at dispatch (/home/bounlusin/Desktop/brushing/node_modules/koa-compose/index.js:42:32)
[2018-06-23T16:28:51.290] [ERROR] cheese - TypeError: Cannot read property 'post' of undefined
    at QuestionService.addQuestion (/home/bounlusin/Desktop/brushing/dist/services/QuestionService.js:54:33)
    at QuestionController.add (/home/bounlusin/Desktop/brushing/dist/controllers/QuestionController.js:53:47)
    at memberInvoker (/home/bounlusin/Desktop/brushing/node_modules/awilix-koa/lib/invokers.js:80:45)
    at dispatch (/home/bounlusin/Desktop/brushing/node_modules/koa-router/node_modules/koa-compose/index.js:44:32)
    at next (/home/bounlusin/Desktop/brushing/node_modules/koa-router/node_modules/koa-compose/index.js:45:18)
    at /home/bounlusin/Desktop/brushing/node_modules/koa-router/lib/router.js:346:16
    at dispatch (/home/bounlusin/Desktop/brushing/node_modules/koa-router/node_modules/koa-compose/index.js:44:32)
    at /home/bounlusin/Desktop/brushing/node_modules/koa-router/node_modules/koa-compose/index.js:36:12
    at dispatch (/home/bounlusin/Desktop/brushing/node_modules/koa-router/lib/router.js:351:31)
    at dispatch (/home/bounlusin/Desktop/brushing/node_modules/koa-compose/index.js:42:32)
[2018-06-23T16:34:11.047] [ERROR] cheese - ReferenceError: fetch is not defined
    at QuestionService.addQuestion (/home/bounlusin/Desktop/brushing/dist/services/QuestionService.js:67:24)
    at QuestionController.add (/home/bounlusin/Desktop/brushing/dist/controllers/QuestionController.js:53:47)
    at memberInvoker (/home/bounlusin/Desktop/brushing/node_modules/awilix-koa/lib/invokers.js:80:45)
    at dispatch (/home/bounlusin/Desktop/brushing/node_modules/koa-router/node_modules/koa-compose/index.js:44:32)
    at next (/home/bounlusin/Desktop/brushing/node_modules/koa-router/node_modules/koa-compose/index.js:45:18)
    at /home/bounlusin/Desktop/brushing/node_modules/koa-router/lib/router.js:346:16
    at dispatch (/home/bounlusin/Desktop/brushing/node_modules/koa-router/node_modules/koa-compose/index.js:44:32)
    at /home/bounlusin/Desktop/brushing/node_modules/koa-router/node_modules/koa-compose/index.js:36:12
    at dispatch (/home/bounlusin/Desktop/brushing/node_modules/koa-router/lib/router.js:351:31)
    at dispatch (/home/bounlusin/Desktop/brushing/node_modules/koa-compose/index.js:42:32)
[2018-06-23T16:35:10.967] [ERROR] cheese - ReferenceError: fetch is not defined
    at QuestionService.addQuestion (/home/bounlusin/Desktop/brushing/dist/services/QuestionService.js:67:24)
    at QuestionController.add (/home/bounlusin/Desktop/brushing/dist/controllers/QuestionController.js:53:47)
    at memberInvoker (/home/bounlusin/Desktop/brushing/node_modules/awilix-koa/lib/invokers.js:80:45)
    at dispatch (/home/bounlusin/Desktop/brushing/node_modules/koa-router/node_modules/koa-compose/index.js:44:32)
    at next (/home/bounlusin/Desktop/brushing/node_modules/koa-router/node_modules/koa-compose/index.js:45:18)
    at /home/bounlusin/Desktop/brushing/node_modules/koa-router/lib/router.js:346:16
    at dispatch (/home/bounlusin/Desktop/brushing/node_modules/koa-router/node_modules/koa-compose/index.js:44:32)
    at /home/bounlusin/Desktop/brushing/node_modules/koa-router/node_modules/koa-compose/index.js:36:12
    at dispatch (/home/bounlusin/Desktop/brushing/node_modules/koa-router/lib/router.js:351:31)
    at dispatch (/home/bounlusin/Desktop/brushing/node_modules/koa-compose/index.js:42:32)
[2018-06-23T16:44:02.375] [ERROR] cheese - TypeError: Cannot read property 'post' of undefined
    at QuestionService.addQuestion (/home/bounlusin/Desktop/brushing/dist/services/QuestionService.js:54:33)
    at QuestionController.add (/home/bounlusin/Desktop/brushing/dist/controllers/QuestionController.js:53:47)
    at memberInvoker (/home/bounlusin/Desktop/brushing/node_modules/awilix-koa/lib/invokers.js:80:45)
    at dispatch (/home/bounlusin/Desktop/brushing/node_modules/koa-router/node_modules/koa-compose/index.js:44:32)
    at next (/home/bounlusin/Desktop/brushing/node_modules/koa-router/node_modules/koa-compose/index.js:45:18)
    at /home/bounlusin/Desktop/brushing/node_modules/koa-router/lib/router.js:346:16
    at dispatch (/home/bounlusin/Desktop/brushing/node_modules/koa-router/node_modules/koa-compose/index.js:44:32)
    at /home/bounlusin/Desktop/brushing/node_modules/koa-router/node_modules/koa-compose/index.js:36:12
    at dispatch (/home/bounlusin/Desktop/brushing/node_modules/koa-router/lib/router.js:351:31)
    at dispatch (/home/bounlusin/Desktop/brushing/node_modules/koa-compose/index.js:42:32)
[2018-06-23T16:46:41.028] [ERROR] cheese - TypeError: Cannot read property 'post' of undefined
    at QuestionService.addQuestion (/home/bounlusin/Desktop/brushing/dist/services/QuestionService.js:54:33)
    at QuestionController.add (/home/bounlusin/Desktop/brushing/dist/controllers/QuestionController.js:53:47)
    at memberInvoker (/home/bounlusin/Desktop/brushing/node_modules/awilix-koa/lib/invokers.js:80:45)
    at dispatch (/home/bounlusin/Desktop/brushing/node_modules/koa-router/node_modules/koa-compose/index.js:44:32)
    at next (/home/bounlusin/Desktop/brushing/node_modules/koa-router/node_modules/koa-compose/index.js:45:18)
    at /home/bounlusin/Desktop/brushing/node_modules/koa-router/lib/router.js:346:16
    at dispatch (/home/bounlusin/Desktop/brushing/node_modules/koa-router/node_modules/koa-compose/index.js:44:32)
    at /home/bounlusin/Desktop/brushing/node_modules/koa-router/node_modules/koa-compose/index.js:36:12
    at dispatch (/home/bounlusin/Desktop/brushing/node_modules/koa-router/lib/router.js:351:31)
    at dispatch (/home/bounlusin/Desktop/brushing/node_modules/koa-compose/index.js:42:32)
[2018-06-23T16:50:47.414] [ERROR] cheese - { Error: Cannot find module '../assets/vue-ssr-server-bundle.json'
    at Function.Module._resolveFilename (internal/modules/cjs/loader.js:548:15)
    at Function.Module._load (internal/modules/cjs/loader.js:475:25)
    at Module.require (internal/modules/cjs/loader.js:598:17)
    at require (internal/modules/cjs/helpers.js:11:18)
    at IndexController.getIndex (/home/bounlusin/Desktop/brushing/dist/controllers/IndexController.js:83:26)
    at memberInvoker (/home/bounlusin/Desktop/brushing/node_modules/awilix-koa/lib/invokers.js:80:45)
    at dispatch (/home/bounlusin/Desktop/brushing/node_modules/koa-router/node_modules/koa-compose/index.js:44:32)
    at next (/home/bounlusin/Desktop/brushing/node_modules/koa-router/node_modules/koa-compose/index.js:45:18)
    at /home/bounlusin/Desktop/brushing/node_modules/koa-router/lib/router.js:346:16
    at dispatch (/home/bounlusin/Desktop/brushing/node_modules/koa-router/node_modules/koa-compose/index.js:44:32) code: 'MODULE_NOT_FOUND' }
[2018-06-23T16:50:48.857] [ERROR] cheese - { Error: Cannot find module '../assets/vue-ssr-server-bundle.json'
    at Function.Module._resolveFilename (internal/modules/cjs/loader.js:548:15)
    at Function.Module._load (internal/modules/cjs/loader.js:475:25)
    at Module.require (internal/modules/cjs/loader.js:598:17)
    at require (internal/modules/cjs/helpers.js:11:18)
    at IndexController.getIndex (/home/bounlusin/Desktop/brushing/dist/controllers/IndexController.js:83:26)
    at memberInvoker (/home/bounlusin/Desktop/brushing/node_modules/awilix-koa/lib/invokers.js:80:45)
    at dispatch (/home/bounlusin/Desktop/brushing/node_modules/koa-router/node_modules/koa-compose/index.js:44:32)
    at next (/home/bounlusin/Desktop/brushing/node_modules/koa-router/node_modules/koa-compose/index.js:45:18)
    at /home/bounlusin/Desktop/brushing/node_modules/koa-router/lib/router.js:346:16
    at dispatch (/home/bounlusin/Desktop/brushing/node_modules/koa-router/node_modules/koa-compose/index.js:44:32) code: 'MODULE_NOT_FOUND' }
>>>>>>> Stashed changes
<<<<<<< HEAD
[2018-06-24T10:15:40.558] [ERROR] cheese - Error: Module parse failed: Unexpected token (69:16)
You may need an appropriate loader to handle this file type.
|     onSubmit() {
|       console.log(this.form.answer);
>       let arr = ...this.form.answer
|       console.log(arr);
| 
    at eval (webpack:///./src/webapp/components/AddTopics.vue?./node_modules/vue-loader/lib??vue-loader-options:1:7)
    at Object../node_modules/vue-loader/lib/index.js??vue-loader-options!./src/webapp/components/AddTopics.vue?vue&type=script&lang=js (scripts/main.bundle.js:2332:1)
    at __webpack_require__ (scripts/main.bundle.js:21:30)
    at eval (webpack:///./src/webapp/components/AddTopics.vue?:2:152)
    at Module../src/webapp/components/AddTopics.vue?vue&type=script&lang=js (scripts/main.bundle.js:2767:1)
    at __webpack_require__ (scripts/main.bundle.js:21:30)
    at eval (webpack:///./src/webapp/components/AddTopics.vue?:3:96)
    at Module../src/webapp/components/AddTopics.vue (scripts/main.bundle.js:2755:1)
    at __webpack_require__ (scripts/main.bundle.js:21:30)
    at Module.eval (webpack:///./src/webapp/router/index.js?:7:83)
[2018-06-24T10:17:28.205] [ERROR] cheese - Error: Module parse failed: Unexpected token (70:38)
You may need an appropriate loader to handle this file type.
|       console.log(this.form.answer);
| 
>       console.log(...this.form.answer typeof);
| 
|       /*let data = {
    at eval (webpack:///./src/webapp/components/AddTopics.vue?./node_modules/vue-loader/lib??vue-loader-options:1:7)
    at Object../node_modules/vue-loader/lib/index.js??vue-loader-options!./src/webapp/components/AddTopics.vue?vue&type=script&lang=js (scripts/main.bundle.js:2332:1)
    at __webpack_require__ (scripts/main.bundle.js:21:30)
    at eval (webpack:///./src/webapp/components/AddTopics.vue?:2:152)
    at Module../src/webapp/components/AddTopics.vue?vue&type=script&lang=js (scripts/main.bundle.js:2767:1)
    at __webpack_require__ (scripts/main.bundle.js:21:30)
    at eval (webpack:///./src/webapp/components/AddTopics.vue?:3:96)
    at Module../src/webapp/components/AddTopics.vue (scripts/main.bundle.js:2755:1)
    at __webpack_require__ (scripts/main.bundle.js:21:30)
    at Module.eval (webpack:///./src/webapp/router/index.js?:7:83)
[2018-06-24T10:17:30.884] [ERROR] cheese - Error: Module parse failed: Unexpected token (70:38)
You may need an appropriate loader to handle this file type.
|       console.log(this.form.answer);
| 
>       console.log(...this.form.answer typeof);
| 
|       /*let data = {
    at eval (webpack:///./src/webapp/components/AddTopics.vue?./node_modules/vue-loader/lib??vue-loader-options:1:7)
    at Object../node_modules/vue-loader/lib/index.js??vue-loader-options!./src/webapp/components/AddTopics.vue?vue&type=script&lang=js (scripts/main.bundle.js:2332:1)
    at __webpack_require__ (scripts/main.bundle.js:21:30)
    at eval (webpack:///./src/webapp/components/AddTopics.vue?:2:152)
    at Module../src/webapp/components/AddTopics.vue?vue&type=script&lang=js (scripts/main.bundle.js:2767:1)
    at __webpack_require__ (scripts/main.bundle.js:21:30)
    at eval (webpack:///./src/webapp/components/AddTopics.vue?:3:96)
    at Module../src/webapp/components/AddTopics.vue (scripts/main.bundle.js:2755:1)
    at __webpack_require__ (scripts/main.bundle.js:21:30)
    at Module.eval (webpack:///./src/webapp/router/index.js?:7:83)
[2018-06-24T10:18:11.468] [ERROR] cheese - Error: Module parse failed: Unexpected keyword 'this' (69:20)
You may need an appropriate loader to handle this file type.
|     onSubmit() {
|       console.log(this.form.answer);
>       let arr = (...this.form.answer);
|       console.log(arr);
| 
    at eval (webpack:///./src/webapp/components/AddTopics.vue?./node_modules/vue-loader/lib??vue-loader-options:1:7)
    at Object../node_modules/vue-loader/lib/index.js??vue-loader-options!./src/webapp/components/AddTopics.vue?vue&type=script&lang=js (scripts/main.bundle.js:2332:1)
    at __webpack_require__ (scripts/main.bundle.js:21:30)
    at eval (webpack:///./src/webapp/components/AddTopics.vue?:2:152)
    at Module../src/webapp/components/AddTopics.vue?vue&type=script&lang=js (scripts/main.bundle.js:2767:1)
    at __webpack_require__ (scripts/main.bundle.js:21:30)
    at eval (webpack:///./src/webapp/components/AddTopics.vue?:3:96)
    at Module../src/webapp/components/AddTopics.vue (scripts/main.bundle.js:2755:1)
    at __webpack_require__ (scripts/main.bundle.js:21:30)
    at Module.eval (webpack:///./src/webapp/router/index.js?:7:83)
[2018-06-24T10:44:54.008] [ERROR] cheese - TypeError: Cannot read property 'qtype' of undefined
    at Proxy.render (webpack:///./src/webapp/components/AddTopics.vue?./node_modules/vue-loader/lib/loaders/templateLoader.js??vue-loader-options!./node_modules/vue-loader/lib??vue-loader-options:49:37)
    at VueComponent.Vue._render (webpack:///./node_modules/vue/dist/vue.runtime.esm.js?:4532:22)
    at renderComponentInner (/Users/swan/Desktop/brushing/node_modules/vue-server-renderer/build.js:7521:25)
    at renderComponent (/Users/swan/Desktop/brushing/node_modules/vue-server-renderer/build.js:7491:5)
    at RenderContext.renderNode (/Users/swan/Desktop/brushing/node_modules/vue-server-renderer/build.js:7407:5)
    at RenderContext.next (/Users/swan/Desktop/brushing/node_modules/vue-server-renderer/build.js:2428:14)
    at cachedWrite (/Users/swan/Desktop/brushing/node_modules/vue-server-renderer/build.js:2287:9)
    at renderElement (/Users/swan/Desktop/brushing/node_modules/vue-server-renderer/build.js:7645:5)
    at renderNode (/Users/swan/Desktop/brushing/node_modules/vue-server-renderer/build.js:7409:5)
    at renderComponentInner (/Users/swan/Desktop/brushing/node_modules/vue-server-renderer/build.js:7527:3)
[2018-06-24T10:44:55.891] [ERROR] cheese - TypeError: Cannot read property 'qtype' of undefined
    at Proxy.render (webpack:///./src/webapp/components/AddTopics.vue?./node_modules/vue-loader/lib/loaders/templateLoader.js??vue-loader-options!./node_modules/vue-loader/lib??vue-loader-options:49:37)
    at VueComponent.Vue._render (webpack:///./node_modules/vue/dist/vue.runtime.esm.js?:4532:22)
    at renderComponentInner (/Users/swan/Desktop/brushing/node_modules/vue-server-renderer/build.js:7521:25)
    at renderComponent (/Users/swan/Desktop/brushing/node_modules/vue-server-renderer/build.js:7491:5)
    at RenderContext.renderNode (/Users/swan/Desktop/brushing/node_modules/vue-server-renderer/build.js:7407:5)
    at RenderContext.next (/Users/swan/Desktop/brushing/node_modules/vue-server-renderer/build.js:2428:14)
    at cachedWrite (/Users/swan/Desktop/brushing/node_modules/vue-server-renderer/build.js:2287:9)
    at renderElement (/Users/swan/Desktop/brushing/node_modules/vue-server-renderer/build.js:7645:5)
    at renderNode (/Users/swan/Desktop/brushing/node_modules/vue-server-renderer/build.js:7409:5)
    at renderComponentInner (/Users/swan/Desktop/brushing/node_modules/vue-server-renderer/build.js:7527:3)
[2018-06-24T10:44:58.499] [ERROR] cheese - TypeError: Cannot read property 'qtype' of undefined
    at Proxy.render (webpack:///./src/webapp/components/AddTopics.vue?./node_modules/vue-loader/lib/loaders/templateLoader.js??vue-loader-options!./node_modules/vue-loader/lib??vue-loader-options:49:37)
    at VueComponent.Vue._render (webpack:///./node_modules/vue/dist/vue.runtime.esm.js?:4532:22)
    at renderComponentInner (/Users/swan/Desktop/brushing/node_modules/vue-server-renderer/build.js:7521:25)
    at renderComponent (/Users/swan/Desktop/brushing/node_modules/vue-server-renderer/build.js:7491:5)
    at RenderContext.renderNode (/Users/swan/Desktop/brushing/node_modules/vue-server-renderer/build.js:7407:5)
    at RenderContext.next (/Users/swan/Desktop/brushing/node_modules/vue-server-renderer/build.js:2428:14)
    at cachedWrite (/Users/swan/Desktop/brushing/node_modules/vue-server-renderer/build.js:2287:9)
    at renderElement (/Users/swan/Desktop/brushing/node_modules/vue-server-renderer/build.js:7645:5)
    at renderNode (/Users/swan/Desktop/brushing/node_modules/vue-server-renderer/build.js:7409:5)
    at renderComponentInner (/Users/swan/Desktop/brushing/node_modules/vue-server-renderer/build.js:7527:3)
[2018-06-24T10:45:01.665] [ERROR] cheese - TypeError: Cannot read property 'qtype' of undefined
    at Proxy.render (webpack:///./src/webapp/components/AddTopics.vue?./node_modules/vue-loader/lib/loaders/templateLoader.js??vue-loader-options!./node_modules/vue-loader/lib??vue-loader-options:49:37)
    at VueComponent.Vue._render (webpack:///./node_modules/vue/dist/vue.runtime.esm.js?:4532:22)
    at renderComponentInner (/Users/swan/Desktop/brushing/node_modules/vue-server-renderer/build.js:7521:25)
    at renderComponent (/Users/swan/Desktop/brushing/node_modules/vue-server-renderer/build.js:7491:5)
    at RenderContext.renderNode (/Users/swan/Desktop/brushing/node_modules/vue-server-renderer/build.js:7407:5)
    at RenderContext.next (/Users/swan/Desktop/brushing/node_modules/vue-server-renderer/build.js:2428:14)
    at cachedWrite (/Users/swan/Desktop/brushing/node_modules/vue-server-renderer/build.js:2287:9)
    at renderElement (/Users/swan/Desktop/brushing/node_modules/vue-server-renderer/build.js:7645:5)
    at renderNode (/Users/swan/Desktop/brushing/node_modules/vue-server-renderer/build.js:7409:5)
    at renderComponentInner (/Users/swan/Desktop/brushing/node_modules/vue-server-renderer/build.js:7527:3)
[2018-06-24T10:50:11.314] [ERROR] cheese - TypeError: Cannot read property 'qtype' of undefined
    at Proxy.render (webpack:///./src/webapp/components/AddTopics.vue?./node_modules/vue-loader/lib/loaders/templateLoader.js??vue-loader-options!./node_modules/vue-loader/lib??vue-loader-options:49:37)
    at VueComponent.Vue._render (webpack:///./node_modules/vue/dist/vue.runtime.esm.js?:4532:22)
    at renderComponentInner (/Users/swan/Desktop/brushing/node_modules/vue-server-renderer/build.js:7521:25)
    at renderComponent (/Users/swan/Desktop/brushing/node_modules/vue-server-renderer/build.js:7491:5)
    at RenderContext.renderNode (/Users/swan/Desktop/brushing/node_modules/vue-server-renderer/build.js:7407:5)
    at RenderContext.next (/Users/swan/Desktop/brushing/node_modules/vue-server-renderer/build.js:2428:14)
    at cachedWrite (/Users/swan/Desktop/brushing/node_modules/vue-server-renderer/build.js:2287:9)
    at renderElement (/Users/swan/Desktop/brushing/node_modules/vue-server-renderer/build.js:7645:5)
    at renderNode (/Users/swan/Desktop/brushing/node_modules/vue-server-renderer/build.js:7409:5)
    at renderComponentInner (/Users/swan/Desktop/brushing/node_modules/vue-server-renderer/build.js:7527:3)
[2018-06-24T10:50:32.447] [ERROR] cheese - TypeError: Cannot read property 'qtype' of undefined
    at Proxy.render (webpack:///./src/webapp/components/AddTopics.vue?./node_modules/vue-loader/lib/loaders/templateLoader.js??vue-loader-options!./node_modules/vue-loader/lib??vue-loader-options:49:37)
    at VueComponent.Vue._render (webpack:///./node_modules/vue/dist/vue.runtime.esm.js?:4532:22)
    at renderComponentInner (/Users/swan/Desktop/brushing/node_modules/vue-server-renderer/build.js:7521:25)
    at renderComponent (/Users/swan/Desktop/brushing/node_modules/vue-server-renderer/build.js:7491:5)
    at RenderContext.renderNode (/Users/swan/Desktop/brushing/node_modules/vue-server-renderer/build.js:7407:5)
    at RenderContext.next (/Users/swan/Desktop/brushing/node_modules/vue-server-renderer/build.js:2428:14)
    at cachedWrite (/Users/swan/Desktop/brushing/node_modules/vue-server-renderer/build.js:2287:9)
    at renderElement (/Users/swan/Desktop/brushing/node_modules/vue-server-renderer/build.js:7645:5)
    at renderNode (/Users/swan/Desktop/brushing/node_modules/vue-server-renderer/build.js:7409:5)
    at renderComponentInner (/Users/swan/Desktop/brushing/node_modules/vue-server-renderer/build.js:7527:3)
[2018-06-24T10:50:34.425] [ERROR] cheese - TypeError: Cannot read property 'qtype' of undefined
    at Proxy.render (webpack:///./src/webapp/components/AddTopics.vue?./node_modules/vue-loader/lib/loaders/templateLoader.js??vue-loader-options!./node_modules/vue-loader/lib??vue-loader-options:49:37)
    at VueComponent.Vue._render (webpack:///./node_modules/vue/dist/vue.runtime.esm.js?:4532:22)
    at renderComponentInner (/Users/swan/Desktop/brushing/node_modules/vue-server-renderer/build.js:7521:25)
    at renderComponent (/Users/swan/Desktop/brushing/node_modules/vue-server-renderer/build.js:7491:5)
    at RenderContext.renderNode (/Users/swan/Desktop/brushing/node_modules/vue-server-renderer/build.js:7407:5)
    at RenderContext.next (/Users/swan/Desktop/brushing/node_modules/vue-server-renderer/build.js:2428:14)
    at cachedWrite (/Users/swan/Desktop/brushing/node_modules/vue-server-renderer/build.js:2287:9)
    at renderElement (/Users/swan/Desktop/brushing/node_modules/vue-server-renderer/build.js:7645:5)
    at renderNode (/Users/swan/Desktop/brushing/node_modules/vue-server-renderer/build.js:7409:5)
    at renderComponentInner (/Users/swan/Desktop/brushing/node_modules/vue-server-renderer/build.js:7527:3)
[2018-06-24T10:51:07.604] [ERROR] cheese - TypeError: Cannot read property 'qtype' of undefined
    at Proxy.render (webpack:///./src/webapp/components/AddTopics.vue?./node_modules/vue-loader/lib/loaders/templateLoader.js??vue-loader-options!./node_modules/vue-loader/lib??vue-loader-options:49:37)
    at VueComponent.Vue._render (webpack:///./node_modules/vue/dist/vue.runtime.esm.js?:4532:22)
    at renderComponentInner (/Users/swan/Desktop/brushing/node_modules/vue-server-renderer/build.js:7521:25)
    at renderComponent (/Users/swan/Desktop/brushing/node_modules/vue-server-renderer/build.js:7491:5)
    at RenderContext.renderNode (/Users/swan/Desktop/brushing/node_modules/vue-server-renderer/build.js:7407:5)
    at RenderContext.next (/Users/swan/Desktop/brushing/node_modules/vue-server-renderer/build.js:2428:14)
    at cachedWrite (/Users/swan/Desktop/brushing/node_modules/vue-server-renderer/build.js:2287:9)
    at renderElement (/Users/swan/Desktop/brushing/node_modules/vue-server-renderer/build.js:7645:5)
    at renderNode (/Users/swan/Desktop/brushing/node_modules/vue-server-renderer/build.js:7409:5)
    at renderComponentInner (/Users/swan/Desktop/brushing/node_modules/vue-server-renderer/build.js:7527:3)
[2018-06-24T11:03:16.918] [ERROR] cheese - TypeError: Cannot read property 'qtype' of undefined
    at Proxy.render (webpack:///./src/webapp/components/AddTopics.vue?./node_modules/vue-loader/lib/loaders/templateLoader.js??vue-loader-options!./node_modules/vue-loader/lib??vue-loader-options:49:37)
    at VueComponent.Vue._render (webpack:///./node_modules/vue/dist/vue.runtime.esm.js?:4532:22)
    at renderComponentInner (/Users/swan/Desktop/brushing/node_modules/vue-server-renderer/build.js:7521:25)
    at renderComponent (/Users/swan/Desktop/brushing/node_modules/vue-server-renderer/build.js:7491:5)
    at RenderContext.renderNode (/Users/swan/Desktop/brushing/node_modules/vue-server-renderer/build.js:7407:5)
    at RenderContext.next (/Users/swan/Desktop/brushing/node_modules/vue-server-renderer/build.js:2428:14)
    at cachedWrite (/Users/swan/Desktop/brushing/node_modules/vue-server-renderer/build.js:2287:9)
    at renderElement (/Users/swan/Desktop/brushing/node_modules/vue-server-renderer/build.js:7645:5)
    at renderNode (/Users/swan/Desktop/brushing/node_modules/vue-server-renderer/build.js:7409:5)
    at renderComponentInner (/Users/swan/Desktop/brushing/node_modules/vue-server-renderer/build.js:7527:3)
[2018-06-24T11:03:20.615] [ERROR] cheese - TypeError: Cannot read property 'qtype' of undefined
    at Proxy.render (webpack:///./src/webapp/components/AddTopics.vue?./node_modules/vue-loader/lib/loaders/templateLoader.js??vue-loader-options!./node_modules/vue-loader/lib??vue-loader-options:49:37)
    at VueComponent.Vue._render (webpack:///./node_modules/vue/dist/vue.runtime.esm.js?:4532:22)
    at renderComponentInner (/Users/swan/Desktop/brushing/node_modules/vue-server-renderer/build.js:7521:25)
    at renderComponent (/Users/swan/Desktop/brushing/node_modules/vue-server-renderer/build.js:7491:5)
    at RenderContext.renderNode (/Users/swan/Desktop/brushing/node_modules/vue-server-renderer/build.js:7407:5)
    at RenderContext.next (/Users/swan/Desktop/brushing/node_modules/vue-server-renderer/build.js:2428:14)
    at cachedWrite (/Users/swan/Desktop/brushing/node_modules/vue-server-renderer/build.js:2287:9)
    at renderElement (/Users/swan/Desktop/brushing/node_modules/vue-server-renderer/build.js:7645:5)
    at renderNode (/Users/swan/Desktop/brushing/node_modules/vue-server-renderer/build.js:7409:5)
    at renderComponentInner (/Users/swan/Desktop/brushing/node_modules/vue-server-renderer/build.js:7527:3)
[2018-06-24T11:03:52.840] [ERROR] cheese - TypeError: Cannot read property 'qtype' of undefined
    at Proxy.render (webpack:///./src/webapp/components/AddTopics.vue?./node_modules/vue-loader/lib/loaders/templateLoader.js??vue-loader-options!./node_modules/vue-loader/lib??vue-loader-options:49:37)
    at VueComponent.Vue._render (webpack:///./node_modules/vue/dist/vue.runtime.esm.js?:4532:22)
    at renderComponentInner (/Users/swan/Desktop/brushing/node_modules/vue-server-renderer/build.js:7521:25)
    at renderComponent (/Users/swan/Desktop/brushing/node_modules/vue-server-renderer/build.js:7491:5)
    at RenderContext.renderNode (/Users/swan/Desktop/brushing/node_modules/vue-server-renderer/build.js:7407:5)
    at RenderContext.next (/Users/swan/Desktop/brushing/node_modules/vue-server-renderer/build.js:2428:14)
    at cachedWrite (/Users/swan/Desktop/brushing/node_modules/vue-server-renderer/build.js:2287:9)
    at renderElement (/Users/swan/Desktop/brushing/node_modules/vue-server-renderer/build.js:7645:5)
    at renderNode (/Users/swan/Desktop/brushing/node_modules/vue-server-renderer/build.js:7409:5)
    at renderComponentInner (/Users/swan/Desktop/brushing/node_modules/vue-server-renderer/build.js:7527:3)
=======
[2018-06-24T11:04:57.087] [ERROR] cheese - Error: Module build failed (from ./node_modules/vue-loader/lib/loaders/templateLoader.js):
SyntaxError: Unexpected token (1:1476)
    at Parser.pp$4.raise (/home/bounlusin/Desktop/brushing/node_modules/vue-template-es2015-compiler/buble.js:2610:13)
    at Parser.pp.unexpected (/home/bounlusin/Desktop/brushing/node_modules/vue-template-es2015-compiler/buble.js:637:8)
    at Parser.pp$3.parseParenAndDistinguishExpression (/home/bounlusin/Desktop/brushing/node_modules/vue-template-es2015-compiler/buble.js:2154:49)
    at Parser.pp$3.parseExprAtom (/home/bounlusin/Desktop/brushing/node_modules/vue-template-es2015-compiler/buble.js:2061:41)
    at Parser.parseExprAtom (/home/bounlusin/Desktop/brushing/node_modules/vue-template-es2015-compiler/buble.js:4372:24)
    at Parser.pp$3.parseExprSubscripts (/home/bounlusin/Desktop/brushing/node_modules/vue-template-es2015-compiler/buble.js:1955:19)
    at Parser.pp$3.parseMaybeUnary (/home/bounlusin/Desktop/brushing/node_modules/vue-template-es2015-compiler/buble.js:1932:17)
    at Parser.pp$3.parseExprOps (/home/bounlusin/Desktop/brushing/node_modules/vue-template-es2015-compiler/buble.js:1874:19)
    at Parser.pp$3.parseMaybeConditional (/home/bounlusin/Desktop/brushing/node_modules/vue-template-es2015-compiler/buble.js:1857:19)
    at Parser.pp$3.parseMaybeAssign (/home/bounlusin/Desktop/brushing/node_modules/vue-template-es2015-compiler/buble.js:1832:19)
    at Parser.pp$3.parsePropertyValue (/home/bounlusin/Desktop/brushing/node_modules/vue-template-es2015-compiler/buble.js:2310:87)
    at Parser.parseObj (/home/bounlusin/Desktop/brushing/node_modules/vue-template-es2015-compiler/buble.js:4472:14)
    at Parser.pp$3.parseExprAtom (/home/bounlusin/Desktop/brushing/node_modules/vue-template-es2015-compiler/buble.js:2077:17)
    at Parser.parseExprAtom (/home/bounlusin/Desktop/brushing/node_modules/vue-template-es2015-compiler/buble.js:4372:24)
    at Parser.pp$3.parseExprSubscripts (/home/bounlusin/Desktop/brushing/node_modules/vue-template-es2015-compiler/buble.js:1955:19)
    at Parser.pp$3.parseMaybeUnary (/home/bounlusin/Desktop/brushing/node_modules/vue-template-es2015-compiler/buble.js:1932:17)
    at Parser.pp$3.parseExprOps (/home/bounlusin/Desktop/brushing/node_modules/vue-template-es2015-compiler/buble.js:1874:19)
    at Parser.pp$3.parseMaybeConditional (/home/bounlusin/Desktop/brushing/node_modules/vue-template-es2015-compiler/buble.js:1857:19)
    at Parser.pp$3.parseMaybeAssign (/home/bounlusin/Desktop/brushing/node_modules/vue-template-es2015-compiler/buble.js:1832:19)
    at Parser.pp$3.parsePropertyValue (/home/bounlusin/Desktop/brushing/node_modules/vue-template-es2015-compiler/buble.js:2310:87)
    at Parser.parseObj (/home/bounlusin/Desktop/brushing/node_modules/vue-template-es2015-compiler/buble.js:4472:14)
    at Parser.pp$3.parseExprAtom (/home/bounlusin/Desktop/brushing/node_modules/vue-template-es2015-compiler/buble.js:2077:17)
    at Parser.parseExprAtom (/home/bounlusin/Desktop/brushing/node_modules/vue-template-es2015-compiler/buble.js:4372:24)
    at Parser.pp$3.parseExprSubscripts (/home/bounlusin/Desktop/brushing/node_modules/vue-template-es2015-compiler/buble.js:1955:19)
    at Parser.pp$3.parseMaybeUnary (/home/bounlusin/Desktop/brushing/node_modules/vue-template-es2015-compiler/buble.js:1932:17)
    at Parser.pp$3.parseExprOps (/home/bounlusin/Desktop/brushing/node_modules/vue-template-es2015-compiler/buble.js:1874:19)
    at Parser.pp$3.parseMaybeConditional (/home/bounlusin/Desktop/brushing/node_modules/vue-template-es2015-compiler/buble.js:1857:19)
    at Parser.pp$3.parseMaybeAssign (/home/bounlusin/Desktop/brushing/node_modules/vue-template-es2015-compiler/buble.js:1832:19)
    at Parser.pp$3.parseExprList (/home/bounlusin/Desktop/brushing/node_modules/vue-template-es2015-compiler/buble.js:2528:20)
    at Parser.pp$3.parseSubscripts (/home/bounlusin/Desktop/brushing/node_modules/vue-template-es2015-compiler/buble.js:1983:29)
    at Parser.pp$3.parseExprSubscripts (/home/bounlusin/Desktop/brushing/node_modules/vue-template-es2015-compiler/buble.js:1958:21)
    at Parser.pp$3.parseMaybeUnary (/home/bounlusin/Desktop/brushing/node_modules/vue-template-es2015-compiler/buble.js:1932:17)
    at Parser.pp$3.parseExprOps (/home/bounlusin/Desktop/brushing/node_modules/vue-template-es2015-compiler/buble.js:1874:19)
    at Parser.pp$3.parseMaybeConditional (/home/bounlusin/Desktop/brushing/node_modules/vue-template-es2015-compiler/buble.js:1857:19)
    at Parser.pp$3.parseMaybeAssign (/home/bounlusin/Desktop/brushing/node_modules/vue-template-es2015-compiler/buble.js:1832:19)
    at Parser.pp$3.parseExprList (/home/bounlusin/Desktop/brushing/node_modules/vue-template-es2015-compiler/buble.js:2528:20)
    at eval (webpack:///./src/webapp/components/AddTopics.vue?./node_modules/vue-loader/lib/loaders/templateLoader.js??vue-loader-options!./node_modules/vue-loader/lib??vue-loader-options:1:7)
    at Object../node_modules/vue-loader/lib/loaders/templateLoader.js??vue-loader-options!./node_modules/vue-loader/lib/index.js??vue-loader-options!./src/webapp/components/AddTopics.vue?vue&type=template&id=80bb80f6 (scripts/main.bundle.js:2440:1)
    at __webpack_require__ (scripts/main.bundle.js:21:30)
    at eval (webpack:///./src/webapp/components/AddTopics.vue?:2:231)
    at Module../src/webapp/components/AddTopics.vue?vue&type=template&id=80bb80f6 (scripts/main.bundle.js:2791:1)
    at __webpack_require__ (scripts/main.bundle.js:21:30)
    at eval (webpack:///./src/webapp/components/AddTopics.vue?:2:102)
    at Module../src/webapp/components/AddTopics.vue (scripts/main.bundle.js:2755:1)
    at __webpack_require__ (scripts/main.bundle.js:21:30)
    at Module.eval (webpack:///./src/webapp/router/index.js?:7:83)
[2018-06-24T14:38:21.588] [ERROR] cheese - ReferenceError: choice is not defined
    at eval (webpack:///./src/webapp/components/AddTopics.vue?./node_modules/vue-loader/lib??vue-loader-options:76:7)
    at Module../node_modules/vue-loader/lib/index.js??vue-loader-options!./src/webapp/components/AddTopics.vue?vue&type=script&lang=js (scripts/main.bundle.js:2333:1)
    at __webpack_require__ (scripts/main.bundle.js:21:30)
    at eval (webpack:///./src/webapp/components/AddTopics.vue?:2:152)
    at Module../src/webapp/components/AddTopics.vue?vue&type=script&lang=js (scripts/main.bundle.js:2768:1)
    at __webpack_require__ (scripts/main.bundle.js:21:30)
    at eval (webpack:///./src/webapp/components/AddTopics.vue?:3:96)
    at Module../src/webapp/components/AddTopics.vue (scripts/main.bundle.js:2756:1)
    at __webpack_require__ (scripts/main.bundle.js:21:30)
    at Module.eval (webpack:///./src/webapp/router/index.js?:7:83)
[2018-06-24T14:38:32.276] [ERROR] cheese - ReferenceError: choice is not defined
    at eval (webpack:///./src/webapp/components/AddTopics.vue?./node_modules/vue-loader/lib??vue-loader-options:76:7)
    at Module../node_modules/vue-loader/lib/index.js??vue-loader-options!./src/webapp/components/AddTopics.vue?vue&type=script&lang=js (scripts/main.bundle.js:2333:1)
    at __webpack_require__ (scripts/main.bundle.js:21:30)
    at eval (webpack:///./src/webapp/components/AddTopics.vue?:2:152)
    at Module../src/webapp/components/AddTopics.vue?vue&type=script&lang=js (scripts/main.bundle.js:2768:1)
    at __webpack_require__ (scripts/main.bundle.js:21:30)
    at eval (webpack:///./src/webapp/components/AddTopics.vue?:3:96)
    at Module../src/webapp/components/AddTopics.vue (scripts/main.bundle.js:2756:1)
    at __webpack_require__ (scripts/main.bundle.js:21:30)
    at Module.eval (webpack:///./src/webapp/router/index.js?:7:83)
[2018-06-24T14:38:32.910] [ERROR] cheese - ReferenceError: choice is not defined
    at eval (webpack:///./src/webapp/components/AddTopics.vue?./node_modules/vue-loader/lib??vue-loader-options:76:7)
    at Module../node_modules/vue-loader/lib/index.js??vue-loader-options!./src/webapp/components/AddTopics.vue?vue&type=script&lang=js (scripts/main.bundle.js:2333:1)
    at __webpack_require__ (scripts/main.bundle.js:21:30)
    at eval (webpack:///./src/webapp/components/AddTopics.vue?:2:152)
    at Module../src/webapp/components/AddTopics.vue?vue&type=script&lang=js (scripts/main.bundle.js:2768:1)
    at __webpack_require__ (scripts/main.bundle.js:21:30)
    at eval (webpack:///./src/webapp/components/AddTopics.vue?:3:96)
    at Module../src/webapp/components/AddTopics.vue (scripts/main.bundle.js:2756:1)
    at __webpack_require__ (scripts/main.bundle.js:21:30)
    at Module.eval (webpack:///./src/webapp/router/index.js?:7:83)
[2018-06-24T14:38:34.627] [ERROR] cheese - ReferenceError: choice is not defined
    at eval (webpack:///./src/webapp/components/AddTopics.vue?./node_modules/vue-loader/lib??vue-loader-options:76:7)
    at Module../node_modules/vue-loader/lib/index.js??vue-loader-options!./src/webapp/components/AddTopics.vue?vue&type=script&lang=js (scripts/main.bundle.js:2333:1)
    at __webpack_require__ (scripts/main.bundle.js:21:30)
    at eval (webpack:///./src/webapp/components/AddTopics.vue?:2:152)
    at Module../src/webapp/components/AddTopics.vue?vue&type=script&lang=js (scripts/main.bundle.js:2768:1)
    at __webpack_require__ (scripts/main.bundle.js:21:30)
    at eval (webpack:///./src/webapp/components/AddTopics.vue?:3:96)
    at Module../src/webapp/components/AddTopics.vue (scripts/main.bundle.js:2756:1)
    at __webpack_require__ (scripts/main.bundle.js:21:30)
    at Module.eval (webpack:///./src/webapp/router/index.js?:7:83)
[2018-06-24T14:39:06.075] [ERROR] cheese - ReferenceError: choice is not defined
    at eval (webpack:///./src/webapp/components/AddTopics.vue?./node_modules/vue-loader/lib??vue-loader-options:76:7)
    at Module../node_modules/vue-loader/lib/index.js??vue-loader-options!./src/webapp/components/AddTopics.vue?vue&type=script&lang=js (scripts/main.bundle.js:2333:1)
    at __webpack_require__ (scripts/main.bundle.js:21:30)
    at eval (webpack:///./src/webapp/components/AddTopics.vue?:2:152)
    at Module../src/webapp/components/AddTopics.vue?vue&type=script&lang=js (scripts/main.bundle.js:2768:1)
    at __webpack_require__ (scripts/main.bundle.js:21:30)
    at eval (webpack:///./src/webapp/components/AddTopics.vue?:3:96)
    at Module../src/webapp/components/AddTopics.vue (scripts/main.bundle.js:2756:1)
    at __webpack_require__ (scripts/main.bundle.js:21:30)
    at Module.eval (webpack:///./src/webapp/router/index.js?:7:83)
[2018-06-24T14:40:48.538] [ERROR] cheese - ReferenceError: choice is not defined
    at eval (webpack:///./src/webapp/components/AddTopics.vue?./node_modules/vue-loader/lib??vue-loader-options:75:5)
    at Module../node_modules/vue-loader/lib/index.js??vue-loader-options!./src/webapp/components/AddTopics.vue?vue&type=script&lang=js (scripts/main.bundle.js:2333:1)
    at __webpack_require__ (scripts/main.bundle.js:21:30)
    at eval (webpack:///./src/webapp/components/AddTopics.vue?:2:152)
    at Module../src/webapp/components/AddTopics.vue?vue&type=script&lang=js (scripts/main.bundle.js:2768:1)
    at __webpack_require__ (scripts/main.bundle.js:21:30)
    at eval (webpack:///./src/webapp/components/AddTopics.vue?:3:96)
    at Module../src/webapp/components/AddTopics.vue (scripts/main.bundle.js:2756:1)
    at __webpack_require__ (scripts/main.bundle.js:21:30)
    at Module.eval (webpack:///./src/webapp/router/index.js?:7:83)
[2018-06-24T14:40:58.886] [ERROR] cheese - ReferenceError: choice is not defined
    at eval (webpack:///./src/webapp/components/AddTopics.vue?./node_modules/vue-loader/lib??vue-loader-options:72:5)
    at Module../node_modules/vue-loader/lib/index.js??vue-loader-options!./src/webapp/components/AddTopics.vue?vue&type=script&lang=js (scripts/main.bundle.js:2333:1)
    at __webpack_require__ (scripts/main.bundle.js:21:30)
    at eval (webpack:///./src/webapp/components/AddTopics.vue?:2:152)
    at Module../src/webapp/components/AddTopics.vue?vue&type=script&lang=js (scripts/main.bundle.js:2768:1)
    at __webpack_require__ (scripts/main.bundle.js:21:30)
    at eval (webpack:///./src/webapp/components/AddTopics.vue?:3:96)
    at Module../src/webapp/components/AddTopics.vue (scripts/main.bundle.js:2756:1)
    at __webpack_require__ (scripts/main.bundle.js:21:30)
    at Module.eval (webpack:///./src/webapp/router/index.js?:7:83)
>>>>>>> 
